<diagram>
  <annotations>
    <annotation id="figure" speech2="A test diagram with annotations">
      <grouped>figure</grouped>
      <position>1</position>
      <children>
        <active>rect</active>
      </children>
      <components>
        <active>rect</active>
      </components>
    </annotation>
    <annotation id="rect" speech2="A rectangle">
      <active>rect</active>
      <position>1</position>
      <parents>
        <grouped>figure</grouped>
      </parents>
    </annotation>
  </annotations>
</diagram>
